# JRE version: OpenJDK Runtime Environment (21.0.10) (build 21.0.10+-14961533-b1163.108)
# Java VM: OpenJDK 64-Bit Server VM (21.0.10+-14961533-b1163.108, mixed mode, tiered, compressed oops, compressed class ptrs, parallel gc, windows-amd64)
GC Precious Log:
 CardTable entry size: 512
 CPUs: 12 total, 12 available
 Memory: 3768M
 Large Page Support: Disabled
 NUMA Support: Disabled
 Compressed Oops: Enabled (Zero based)
 Alignments: Space 512K, Generation 512K, Heap 2M
 Heap Min Capacity: 8M
 Heap Initial Capacity: 60M
 Heap Max Capacity: 4G
 Pre-touch: Disabled
 Parallel Workers: 10
Heap:
 PSYoungGen      total 171008K, used 72031K [0x00000007aab00000, 0x00000007b5d00000, 0x0000000800000000)
  eden space 159744K, 38% used [0x00000007aab00000,0x00000007ae65ab88,0x00000007b4700000)
  from space 11264K, 99% used [0x00000007b4700000,0x00000007b51fd2f8,0x00000007b5200000)
  to   space 11264K, 0% used [0x00000007b5200000,0x00000007b5200000,0x00000007b5d00000)
 ParOldGen       total 73728K, used 73564K [0x0000000700000000, 0x0000000704800000, 0x00000007aab00000)
  object space 73728K, 99% used [0x0000000700000000,0x00000007047d73a8,0x0000000704800000)
 Metaspace       used 91436K, committed 93504K, reserved 1179648K
  class space    used 12613K, committed 13632K, reserved 1048576K
GC Heap History (20 events):
Event: 16.331 GC heap before
{Heap before GC invocations=15 (full 3):
 PSYoungGen      total 121344K, used 116224K [0x00000007aab00000, 0x00000007b3080000, 0x0000000800000000)
  eden space 116224K, 100% used [0x00000007aab00000,0x00000007b1c80000,0x00000007b1c80000)
  from space 5120K, 0% used [0x00000007b1f80000,0x00000007b1f80000,0x00000007b2480000)
  to   space 10240K, 0% used [0x00000007b2680000,0x00000007b2680000,0x00000007b3080000)
 ParOldGen       total 40960K, used 34104K [0x0000000700000000, 0x0000000702800000, 0x00000007aab00000)
  object space 40960K, 83% used [0x0000000700000000,0x000000070214e348,0x0000000702800000)
 Metaspace       used 60999K, committed 62528K, reserved 1114112K
  class space    used 8482K, committed 9216K, reserved 1048576K
}
Event: 16.342 GC heap after
{Heap after GC invocations=15 (full 3):
 PSYoungGen      total 118784K, used 7376K [0x00000007aab00000, 0x00000007b2e00000, 0x0000000800000000)
  eden space 111104K, 0% used [0x00000007aab00000,0x00000007aab00000,0x00000007b1780000)
  from space 7680K, 96% used [0x00000007b2680000,0x00000007b2db4020,0x00000007b2e00000)
  to   space 10752K, 0% used [0x00000007b1900000,0x00000007b1900000,0x00000007b2380000)
 ParOldGen       total 40960K, used 34112K [0x0000000700000000, 0x0000000702800000, 0x00000007aab00000)
  object space 40960K, 83% used [0x0000000700000000,0x0000000702150348,0x0000000702800000)
 Metaspace       used 60999K, committed 62528K, reserved 1114112K
  class space    used 8482K, committed 9216K, reserved 1048576K
}
Event: 19.987 GC heap before
{Heap before GC invocations=16 (full 3):
 PSYoungGen      total 118784K, used 118480K [0x00000007aab00000, 0x00000007b2e00000, 0x0000000800000000)
  eden space 111104K, 100% used [0x00000007aab00000,0x00000007b1780000,0x00000007b1780000)
  from space 7680K, 96% used [0x00000007b2680000,0x00000007b2db4020,0x00000007b2e00000)
  to   space 10752K, 0% used [0x00000007b1900000,0x00000007b1900000,0x00000007b2380000)
 ParOldGen       total 40960K, used 34112K [0x0000000700000000, 0x0000000702800000, 0x00000007aab00000)
  object space 40960K, 83% used [0x0000000700000000,0x0000000702150348,0x0000000702800000)
 Metaspace       used 69812K, committed 71552K, reserved 1114112K
  class space    used 9760K, committed 10560K, reserved 1048576K
}
Event: 20.018 GC heap after
{Heap after GC invocations=16 (full 3):
 PSYoungGen      total 115712K, used 9017K [0x00000007aab00000, 0x00000007b2a00000, 0x0000000800000000)
  eden space 106496K, 0% used [0x00000007aab00000,0x00000007aab00000,0x00000007b1300000)
  from space 9216K, 97% used [0x00000007b1900000,0x00000007b21ce490,0x00000007b2200000)
  to   space 8192K, 0% used [0x00000007b2200000,0x00000007b2200000,0x00000007b2a00000)
 ParOldGen       total 40960K, used 39762K [0x0000000700000000, 0x0000000702800000, 0x00000007aab00000)
  object space 40960K, 97% used [0x0000000700000000,0x00000007026d4b70,0x0000000702800000)
 Metaspace       used 69812K, committed 71552K, reserved 1114112K
  class space    used 9760K, committed 10560K, reserved 1048576K
}
Event: 22.552 GC heap before
{Heap before GC invocations=17 (full 3):
 PSYoungGen      total 115712K, used 115513K [0x00000007aab00000, 0x00000007b2a00000, 0x0000000800000000)
  eden space 106496K, 100% used [0x00000007aab00000,0x00000007b1300000,0x00000007b1300000)
  from space 9216K, 97% used [0x00000007b1900000,0x00000007b21ce490,0x00000007b2200000)
  to   space 8192K, 0% used [0x00000007b2200000,0x00000007b2200000,0x00000007b2a00000)
 ParOldGen       total 40960K, used 39762K [0x0000000700000000, 0x0000000702800000, 0x00000007aab00000)
  object space 40960K, 97% used [0x0000000700000000,0x00000007026d4b70,0x0000000702800000)
 Metaspace       used 79377K, committed 81344K, reserved 1179648K
  class space    used 11176K, committed 12096K, reserved 1048576K
}
Event: 22.575 GC heap after
{Heap after GC invocations=17 (full 3):
 PSYoungGen      total 105984K, used 3880K [0x00000007aab00000, 0x00000007b2600000, 0x0000000800000000)
  eden space 101888K, 0% used [0x00000007aab00000,0x00000007aab00000,0x00000007b0e80000)
  from space 4096K, 94% used [0x00000007b2200000,0x00000007b25ca0c0,0x00000007b2600000)
  to   space 11264K, 0% used [0x00000007b1000000,0x00000007b1000000,0x00000007b1b00000)
 ParOldGen       total 48640K, used 48545K [0x0000000700000000, 0x0000000702f80000, 0x00000007aab00000)
  object space 48640K, 99% used [0x0000000700000000,0x0000000702f685f8,0x0000000702f80000)
 Metaspace       used 79377K, committed 81344K, reserved 1179648K
  class space    used 11176K, committed 12096K, reserved 1048576K
}
Event: 25.694 GC heap before
{Heap before GC invocations=18 (full 3):
 PSYoungGen      total 105984K, used 105768K [0x00000007aab00000, 0x00000007b2600000, 0x0000000800000000)
  eden space 101888K, 100% used [0x00000007aab00000,0x00000007b0e80000,0x00000007b0e80000)
  from space 4096K, 94% used [0x00000007b2200000,0x00000007b25ca0c0,0x00000007b2600000)
  to   space 11264K, 0% used [0x00000007b1000000,0x00000007b1000000,0x00000007b1b00000)
 ParOldGen       total 48640K, used 48545K [0x0000000700000000, 0x0000000702f80000, 0x00000007aab00000)
  object space 48640K, 99% used [0x0000000700000000,0x0000000702f685f8,0x0000000702f80000)
 Metaspace       used 83565K, committed 85504K, reserved 1179648K
  class space    used 11737K, committed 12672K, reserved 1048576K
}
Event: 25.709 GC heap after
{Heap after GC invocations=18 (full 3):
 PSYoungGen      total 104448K, used 6320K [0x00000007aab00000, 0x00000007b2280000, 0x0000000800000000)
  eden space 97792K, 0% used [0x00000007aab00000,0x00000007aab00000,0x00000007b0a80000)
  from space 6656K, 94% used [0x00000007b1000000,0x00000007b162c020,0x00000007b1680000)
  to   space 11264K, 0% used [0x00000007b1780000,0x00000007b1780000,0x00000007b2280000)
 ParOldGen       total 52224K, used 52124K [0x0000000700000000, 0x0000000703300000, 0x00000007aab00000)
  object space 52224K, 99% used [0x0000000700000000,0x00000007032e70e0,0x0000000703300000)
 Metaspace       used 83565K, committed 85504K, reserved 1179648K
  class space    used 11737K, committed 12672K, reserved 1048576K
}
Event: 26.412 GC heap before
{Heap before GC invocations=19 (full 3):
 PSYoungGen      total 104448K, used 104112K [0x00000007aab00000, 0x00000007b2280000, 0x0000000800000000)
  eden space 97792K, 100% used [0x00000007aab00000,0x00000007b0a80000,0x00000007b0a80000)
  from space 6656K, 94% used [0x00000007b1000000,0x00000007b162c020,0x00000007b1680000)
  to   space 11264K, 0% used [0x00000007b1780000,0x00000007b1780000,0x00000007b2280000)
 ParOldGen       total 52224K, used 52124K [0x0000000700000000, 0x0000000703300000, 0x00000007aab00000)
  object space 52224K, 99% used [0x0000000700000000,0x00000007032e70e0,0x0000000703300000)
 Metaspace       used 83781K, committed 85760K, reserved 1179648K
  class space    used 11738K, committed 12672K, reserved 1048576K
}
Event: 26.430 GC heap after
{Heap after GC invocations=19 (full 3):
 PSYoungGen      total 111104K, used 1760K [0x00000007aab00000, 0x00000007b8000000, 0x0000000800000000)
  eden space 99840K, 0% used [0x00000007aab00000,0x00000007aab00000,0x00000007b0c80000)
  from space 11264K, 15% used [0x00000007b1780000,0x00000007b1938000,0x00000007b2280000)
  to   space 11264K, 0% used [0x00000007b0c80000,0x00000007b0c80000,0x00000007b1780000)
 ParOldGen       total 58368K, used 58196K [0x0000000700000000, 0x0000000703900000, 0x00000007aab00000)
  object space 58368K, 99% used [0x0000000700000000,0x00000007038d5180,0x0000000703900000)
 Metaspace       used 83781K, committed 85760K, reserved 1179648K
  class space    used 11738K, committed 12672K, reserved 1048576K
}
Event: 26.880 GC heap before
{Heap before GC invocations=20 (full 3):
 PSYoungGen      total 111104K, used 101600K [0x00000007aab00000, 0x00000007b8000000, 0x0000000800000000)
  eden space 99840K, 100% used [0x00000007aab00000,0x00000007b0c80000,0x00000007b0c80000)
  from space 11264K, 15% used [0x00000007b1780000,0x00000007b1938000,0x00000007b2280000)
  to   space 11264K, 0% used [0x00000007b0c80000,0x00000007b0c80000,0x00000007b1780000)
 ParOldGen       total 58368K, used 58196K [0x0000000700000000, 0x0000000703900000, 0x00000007aab00000)
  object space 58368K, 99% used [0x0000000700000000,0x00000007038d5180,0x0000000703900000)
 Metaspace       used 83852K, committed 85888K, reserved 1179648K
  class space    used 11738K, committed 12672K, reserved 1048576K
}
Event: 26.886 GC heap after
{Heap after GC invocations=20 (full 3):
 PSYoungGen      total 111104K, used 1472K [0x00000007aab00000, 0x00000007b5d00000, 0x0000000800000000)
  eden space 99840K, 0% used [0x00000007aab00000,0x00000007aab00000,0x00000007b0c80000)
  from space 11264K, 13% used [0x00000007b0c80000,0x00000007b0df0000,0x00000007b1780000)
  to   space 11264K, 0% used [0x00000007b5200000,0x00000007b5200000,0x00000007b5d00000)
 ParOldGen       total 59904K, used 59704K [0x0000000700000000, 0x0000000703a80000, 0x00000007aab00000)
  object space 59904K, 99% used [0x0000000700000000,0x0000000703a4e1b0,0x0000000703a80000)
 Metaspace       used 83852K, committed 85888K, reserved 1179648K
  class space    used 11738K, committed 12672K, reserved 1048576K
}
Event: 27.251 GC heap before
{Heap before GC invocations=21 (full 3):
 PSYoungGen      total 111104K, used 101312K [0x00000007aab00000, 0x00000007b5d00000, 0x0000000800000000)
  eden space 99840K, 100% used [0x00000007aab00000,0x00000007b0c80000,0x00000007b0c80000)
  from space 11264K, 13% used [0x00000007b0c80000,0x00000007b0df0000,0x00000007b1780000)
  to   space 11264K, 0% used [0x00000007b5200000,0x00000007b5200000,0x00000007b5d00000)
 ParOldGen       total 59904K, used 59704K [0x0000000700000000, 0x0000000703a80000, 0x00000007aab00000)
  object space 59904K, 99% used [0x0000000700000000,0x0000000703a4e1b0,0x0000000703a80000)
 Metaspace       used 83868K, committed 85888K, reserved 1179648K
  class space    used 11738K, committed 12672K, reserved 1048576K
}
Event: 27.257 GC heap after
{Heap after GC invocations=21 (full 3):
 PSYoungGen      total 171008K, used 1120K [0x00000007aab00000, 0x00000007b5d00000, 0x0000000800000000)
  eden space 159744K, 0% used [0x00000007aab00000,0x00000007aab00000,0x00000007b4700000)
  from space 11264K, 9% used [0x00000007b5200000,0x00000007b5318000,0x00000007b5d00000)
  to   space 11264K, 0% used [0x00000007b4700000,0x00000007b4700000,0x00000007b5200000)
 ParOldGen       total 60928K, used 60924K [0x0000000700000000, 0x0000000703b80000, 0x00000007aab00000)
  object space 60928K, 99% used [0x0000000700000000,0x0000000703b7f240,0x0000000703b80000)
 Metaspace       used 83868K, committed 85888K, reserved 1179648K
  class space    used 11738K, committed 12672K, reserved 1048576K
}
Event: 28.009 GC heap before
{Heap before GC invocations=22 (full 3):
 PSYoungGen      total 171008K, used 160864K [0x00000007aab00000, 0x00000007b5d00000, 0x0000000800000000)
  eden space 159744K, 100% used [0x00000007aab00000,0x00000007b4700000,0x00000007b4700000)
  from space 11264K, 9% used [0x00000007b5200000,0x00000007b5318000,0x00000007b5d00000)
  to   space 11264K, 0% used [0x00000007b4700000,0x00000007b4700000,0x00000007b5200000)
 ParOldGen       total 60928K, used 60924K [0x0000000700000000, 0x0000000703b80000, 0x00000007aab00000)
  object space 60928K, 99% used [0x0000000700000000,0x0000000703b7f240,0x0000000703b80000)
 Metaspace       used 83874K, committed 85888K, reserved 1179648K
  class space    used 11738K, committed 12672K, reserved 1048576K
}
Event: 28.183 GC heap after
{Heap after GC invocations=22 (full 3):
 PSYoungGen      total 171008K, used 1488K [0x00000007aab00000, 0x00000007b5d00000, 0x0000000800000000)
  eden space 159744K, 0% used [0x00000007aab00000,0x00000007aab00000,0x00000007b4700000)
  from space 11264K, 13% used [0x00000007b4700000,0x00000007b4874010,0x00000007b5200000)
  to   space 11264K, 0% used [0x00000007b5200000,0x00000007b5200000,0x00000007b5d00000)
 ParOldGen       total 61952K, used 61828K [0x0000000700000000, 0x0000000703c80000, 0x00000007aab00000)
  object space 61952K, 99% used [0x0000000700000000,0x0000000703c61240,0x0000000703c80000)
 Metaspace       used 83874K, committed 85888K, reserved 1179648K
  class space    used 11738K, committed 12672K, reserved 1048576K
}
Event: 28.908 GC heap before
{Heap before GC invocations=23 (full 3):
 PSYoungGen      total 171008K, used 161232K [0x00000007aab00000, 0x00000007b5d00000, 0x0000000800000000)
  eden space 159744K, 100% used [0x00000007aab00000,0x00000007b4700000,0x00000007b4700000)
  from space 11264K, 13% used [0x00000007b4700000,0x00000007b4874010,0x00000007b5200000)
  to   space 11264K, 0% used [0x00000007b5200000,0x00000007b5200000,0x00000007b5d00000)
 ParOldGen       total 61952K, used 61828K [0x0000000700000000, 0x0000000703c80000, 0x00000007aab00000)
  object space 61952K, 99% used [0x0000000700000000,0x0000000703c61240,0x0000000703c80000)
 Metaspace       used 83876K, committed 85888K, reserved 1179648K
  class space    used 11739K, committed 12672K, reserved 1048576K
}
Event: 28.913 GC heap after
{Heap after GC invocations=23 (full 3):
 PSYoungGen      total 171008K, used 1328K [0x00000007aab00000, 0x00000007b5d00000, 0x0000000800000000)
  eden space 159744K, 0% used [0x00000007aab00000,0x00000007aab00000,0x00000007b4700000)
  from space 11264K, 11% used [0x00000007b5200000,0x00000007b534c010,0x00000007b5d00000)
  to   space 11264K, 0% used [0x00000007b4700000,0x00000007b4700000,0x00000007b5200000)
 ParOldGen       total 63488K, used 63092K [0x0000000700000000, 0x0000000703e00000, 0x00000007aab00000)
  object space 63488K, 99% used [0x0000000700000000,0x0000000703d9d290,0x0000000703e00000)
 Metaspace       used 83876K, committed 85888K, reserved 1179648K
  class space    used 11739K, committed 12672K, reserved 1048576K
}
Event: 30.665 GC heap before
{Heap before GC invocations=24 (full 3):
 PSYoungGen      total 171008K, used 161072K [0x00000007aab00000, 0x00000007b5d00000, 0x0000000800000000)
  eden space 159744K, 100% used [0x00000007aab00000,0x00000007b4700000,0x00000007b4700000)
  from space 11264K, 11% used [0x00000007b5200000,0x00000007b534c010,0x00000007b5d00000)
  to   space 11264K, 0% used [0x00000007b4700000,0x00000007b4700000,0x00000007b5200000)
 ParOldGen       total 63488K, used 63092K [0x0000000700000000, 0x0000000703e00000, 0x00000007aab00000)
  object space 63488K, 99% used [0x0000000700000000,0x0000000703d9d290,0x0000000703e00000)
 Metaspace       used 85698K, committed 87744K, reserved 1179648K
  class space    used 11955K, committed 12928K, reserved 1048576K
}
Event: 30.850 GC heap after
{Heap after GC invocations=24 (full 3):
 PSYoungGen      total 171008K, used 11252K [0x00000007aab00000, 0x00000007b5d00000, 0x0000000800000000)
  eden space 159744K, 0% used [0x00000007aab00000,0x00000007aab00000,0x00000007b4700000)
  from space 11264K, 99% used [0x00000007b4700000,0x00000007b51fd2f8,0x00000007b5200000)
  to   space 11264K, 0% used [0x00000007b5200000,0x00000007b5200000,0x00000007b5d00000)
 ParOldGen       total 73728K, used 73564K [0x0000000700000000, 0x0000000704800000, 0x00000007aab00000)
  object space 73728K, 99% used [0x0000000700000000,0x00000007047d73a8,0x0000000704800000)
 Metaspace       used 85698K, committed 87744K, reserved 1179648K
  class space    used 11955K, committed 12928K, reserved 1048576K
}

